[LOG] System::create                           : Header version = 2.01.07. Current version = 2.01.07.
[LOG] Manager::init                            : maxchannels = 256 studioflags = 00000006 flags 00000000 extradriverdata 0x0.
[LOG] SystemI::init                            : Initialize version=20107 (113487), maxchannels=256, flags=0x00020000
[LOG] SystemI::setOutputInternal               : Setting output to 'FMOD Core Audio Output'
[LOG] OutputCoreAudio::init                    : Output running 2 channels at 44100Hz sample rate.
[LOG] OutputCoreAudio::init                    : Maximum hardware read size: 1024 samples, Software buffer size: 512 samples, Number of software buffers: 4.
[LOG] SystemI::init                            : Output requires a sample rate of 44100Hz, resampling will occur.
[LOG] Thread::initThread                       : Init FMOD stream thread. Affinity: 0x8000000000000003, Priority: 0xFFFF7FFB, Stack Size: 98304, Semaphore: No, Sleep Time: 10, Looping: Yes.
[LOG] Thread::initThread                       : Init FMOD mixer thread. Affinity: 0x8000000000000001, Priority: 0xFFFF7FFA, Stack Size: 81920, Semaphore: Yes, Sleep Time: 0, Looping: Yes.
[LOG] AsyncManager::init                       : manager 0x7fe0d2f28808 isAsync 0 updatePeriod 0.02
[LOG] AsyncManager::init                       : done
[LOG] PlaybackSystem::init                     : 
[LOG] Thread::initThread                       : Init FMOD Studio sample load thread. Affinity: 0x8000000000000003, Priority: 0xFFFF7FFD, Stack Size: 98304, Semaphore: No, Sleep Time: 1, Looping: No.
[LOG] PlaybackSystem::init                     : done
[LOG] Thread::initThread                       : Init FMOD Studio bank load thread. Affinity: 0x8000000000000003, Priority: 0xFFFF7FFD, Stack Size: 98304, Semaphore: No, Sleep Time: 1, Looping: No.
[LOG] Manager::init                            : done.
[LOG] Manager::readBank                        : fileversion = 135, compatVersion = 132 (oldest = 44, newest = 135)
[LOG] PlaybackSystem::acquireMasterBus         : Setting master channel group format to 6
[LOG] SystemI::createSoundInternal             : Create name='', mode=0x02000202
[LOG] SystemI::createSoundInternal             : exinfo->cbsize             = 224
[LOG] SystemI::createSoundInternal             : exinfo->length             = 3523328
[LOG] SystemI::createSoundInternal             : exinfo->fileoffset         = 54592
[LOG] SystemI::createSoundInternal             : exinfo->numsubsounds       = 1
[LOG] SystemI::createSoundInternal             : exinfo->inclusionlist      = 0x700008dbc954
[LOG] SystemI::createSoundInternal             : exinfo->inclusionlistnum   = 1
[LOG] SystemI::createSoundInternal             : exinfo->suggestedsoundtype = 5
[LOG] SystemI::createSoundInternal             : exinfo->useropen           = 0x1aac347fa
[LOG] SystemI::createSoundInternal             : exinfo->userclose          = 0x1aac348b1
[LOG] SystemI::createSoundInternal             : exinfo->userread           = 0x1aac348de
[LOG] SystemI::createSoundInternal             : exinfo->userseek           = 0x1aac34982
[LOG] SystemI::createSoundInternal             : exinfo->fileuserdata       = 0x7fe05293ec38
[LOG] SystemI::createSoundInternal             : exinfo->initialseekpostype = 1
[LOG] SystemI::DSPCodecPoolRegister            : register codec pool for pool type 5
[LOG] SystemI::createSoundInternal             : Sample 0/1: name='lobisome_uivar', format=5, channels=2, frequency=48000, lengthbytes=61728, lengthpcm=307200, pcmblocksize=0, loopstart=0, loopend=0, mode=0x00000000, channelmask=0x00000000, channelorder=0, peakvolume=0.619293.
[LOG] SoundI::release                          :  (0x7fe052d36d98)
[LOG] SoundI::release                          :     lobisome_uivar (0x7fe053218638)
[LOG] Manager::readBank                        : fileversion = 135, compatVersion = 132 (oldest = 44, newest = 135)
[LOG] PlaybackSystem::acquireMasterBus         : Setting master channel group format to 6
[LOG] SystemI::createSoundInternal             : Create name='', mode=0x02000202
[LOG] SystemI::createSoundInternal             : exinfo->cbsize             = 224
[LOG] SystemI::createSoundInternal             : exinfo->length             = 3523328
[LOG] SystemI::createSoundInternal             : exinfo->fileoffset         = 54592
[LOG] SystemI::createSoundInternal             : exinfo->numsubsounds       = 1
[LOG] SystemI::createSoundInternal             : exinfo->inclusionlist      = 0x700008dbc954
[LOG] SystemI::createSoundInternal             : exinfo->inclusionlistnum   = 1
[LOG] SystemI::createSoundInternal             : exinfo->suggestedsoundtype = 5
[LOG] SystemI::createSoundInternal             : exinfo->useropen           = 0x1aac347fa
[LOG] SystemI::createSoundInternal             : exinfo->userclose          = 0x1aac348b1
[LOG] SystemI::createSoundInternal             : exinfo->userread           = 0x1aac348de
[LOG] SystemI::createSoundInternal             : exinfo->userseek           = 0x1aac34982
[LOG] SystemI::createSoundInternal             : exinfo->fileuserdata       = 0x7fe0532aeb68
[LOG] SystemI::createSoundInternal             : exinfo->initialseekpostype = 1
[LOG] SystemI::DSPCodecPoolRegister            : register codec pool for pool type 5
[LOG] SystemI::createSoundInternal             : Sample 0/1: name='footsteps_enemy_02', format=5, channels=1, frequency=48000, lengthbytes=1504, lengthpcm=7063, pcmblocksize=0, loopstart=0, loopend=0, mode=0x00000000, channelmask=0x00000000, channelorder=0, peakvolume=0.567444.
[LOG] SystemI::createSoundInternal             : Create name='', mode=0x02000202
[LOG] SystemI::createSoundInternal             : exinfo->cbsize             = 224
[LOG] SystemI::createSoundInternal             : exinfo->length             = 3523328
[LOG] SystemI::createSoundInternal             : exinfo->fileoffset         = 54592
[LOG] SystemI::createSoundInternal             : exinfo->numsubsounds       = 1
[LOG] SystemI::createSoundInternal             : exinfo->inclusionlist      = 0x700008dbc954
[LOG] SystemI::createSoundInternal             : exinfo->inclusionlistnum   = 1
[LOG] SystemI::createSoundInternal             : exinfo->suggestedsoundtype = 5
[LOG] SystemI::createSoundInternal             : exinfo->useropen           = 0x1aac347fa
[LOG] SystemI::createSoundInternal             : exinfo->userclose          = 0x1aac348b1
[LOG] SystemI::createSoundInternal             : exinfo->userread           = 0x1aac348de
[LOG] SystemI::createSoundInternal             : exinfo->userseek           = 0x1aac34982
[LOG] SystemI::createSoundInternal             : exinfo->fileuserdata       = 0x7fe0532aeb68
[LOG] SystemI::createSoundInternal             : exinfo->initialseekpostype = 1
[LOG] SystemI::DSPCodecPoolRegister            : register codec pool for pool type 5
[LOG] SystemI::createSoundInternal             : Sample 0/1: name='footsteps_enemy_01', format=5, channels=1, frequency=48000, lengthbytes=1088, lengthpcm=7063, pcmblocksize=0, loopstart=0, loopend=0, mode=0x00000000, channelmask=0x00000000, channelorder=0, peakvolume=0.648407.
[LOG] SystemI::createSoundInternal             : Create name='', mode=0x02000202
[LOG] SystemI::createSoundInternal             : exinfo->cbsize             = 224
[LOG] SystemI::createSoundInternal             : exinfo->length             = 3523328
[LOG] SystemI::createSoundInternal             : exinfo->fileoffset         = 54592
[LOG] SystemI::createSoundInternal             : exinfo->numsubsounds       = 1
[LOG] SystemI::createSoundInternal             : exinfo->inclusionlist      = 0x700008dbc954
[LOG] SystemI::createSoundInternal             : exinfo->inclusionlistnum   = 1
[LOG] SystemI::createSoundInternal             : exinfo->suggestedsoundtype = 5
[LOG] SystemI::createSoundInternal             : exinfo->useropen           = 0x1aac347fa
[LOG] SystemI::createSoundInternal             : exinfo->userclose          = 0x1aac348b1
[LOG] SystemI::createSoundInternal             : exinfo->userread           = 0x1aac348de
[LOG] SystemI::createSoundInternal             : exinfo->userseek           = 0x1aac34982
[LOG] SystemI::createSoundInternal             : exinfo->fileuserdata       = 0x7fe0532aeb68
[LOG] SystemI::createSoundInternal             : exinfo->initialseekpostype = 1
[LOG] SystemI::DSPCodecPoolRegister            : register codec pool for pool type 5
[LOG] SystemI::createSoundInternal             : Sample 0/1: name='footsteps_enemy_03', format=5, channels=1, frequency=48000, lengthbytes=1376, lengthpcm=7063, pcmblocksize=0, loopstart=0, loopend=0, mode=0x00000000, channelmask=0x00000000, channelorder=0, peakvolume=0.653046.
[LOG] SoundI::release                          :  (0x7fe05372e358)
[LOG] SoundI::release                          :     footsteps_enemy_01 (0x7fe0537fb6e8)
[LOG] SoundI::release                          :  (0x7fe053233e08)
[LOG] SoundI::release                          :     footsteps_enemy_02 (0x7fe05487a298)
[LOG] SoundI::release                          :  (0x7fe04c00f1d8)
[LOG] SoundI::release                          :     footsteps_enemy_03 (0x7fe054749428)
[LOG] Manager::readBank                        : fileversion = 135, compatVersion = 132 (oldest = 44, newest = 135)
[LOG] PlaybackSystem::acquireMasterBus         : Setting master channel group format to 6
[LOG] SystemI::createSoundInternal             : Create name='', mode=0x02000202
[LOG] SystemI::createSoundInternal             : exinfo->cbsize             = 224
[LOG] SystemI::createSoundInternal             : exinfo->length             = 3523328
[LOG] SystemI::createSoundInternal             : exinfo->fileoffset         = 54592
[LOG] SystemI::createSoundInternal             : exinfo->numsubsounds       = 1
[LOG] SystemI::createSoundInternal             : exinfo->inclusionlist      = 0x700008dbc954
[LOG] SystemI::createSoundInternal             : exinfo->inclusionlistnum   = 1
[LOG] SystemI::createSoundInternal             : exinfo->suggestedsoundtype = 5
[LOG] SystemI::createSoundInternal             : exinfo->useropen           = 0x1aac347fa
[LOG] SystemI::createSoundInternal             : exinfo->userclose          = 0x1aac348b1
[LOG] SystemI::createSoundInternal             : exinfo->userread           = 0x1aac348de
[LOG] SystemI::createSoundInternal             : exinfo->userseek           = 0x1aac34982
[LOG] SystemI::createSoundInternal             : exinfo->fileuserdata       = 0x7fe04faeb968
[LOG] SystemI::createSoundInternal             : exinfo->initialseekpostype = 1
[LOG] SystemI::DSPCodecPoolRegister            : register codec pool for pool type 5
[LOG] SystemI::createSoundInternal             : Sample 0/1: name='footsteps_enemy_02', format=5, channels=1, frequency=48000, lengthbytes=1504, lengthpcm=7063, pcmblocksize=0, loopstart=0, loopend=0, mode=0x00000000, channelmask=0x00000000, channelorder=0, peakvolume=0.567444.
[LOG] SystemI::createSoundInternal             : Create name='', mode=0x02000202
[LOG] SystemI::createSoundInternal             : exinfo->cbsize             = 224
[LOG] SystemI::createSoundInternal             : exinfo->length             = 3523328
[LOG] SystemI::createSoundInternal             : exinfo->fileoffset         = 54592
[LOG] SystemI::createSoundInternal             : exinfo->numsubsounds       = 1
[LOG] SystemI::createSoundInternal             : exinfo->inclusionlist      = 0x700008dbc954
[LOG] SystemI::createSoundInternal             : exinfo->inclusionlistnum   = 1
[LOG] SystemI::createSoundInternal             : exinfo->suggestedsoundtype = 5
[LOG] SystemI::createSoundInternal             : exinfo->useropen           = 0x1aac347fa
[LOG] SystemI::createSoundInternal             : exinfo->userclose          = 0x1aac348b1
[LOG] SystemI::createSoundInternal             : exinfo->userread           = 0x1aac348de
[LOG] SystemI::createSoundInternal             : exinfo->userseek           = 0x1aac34982
[LOG] SystemI::createSoundInternal             : exinfo->fileuserdata       = 0x7fe04faeb968
[LOG] SystemI::createSoundInternal             : exinfo->initialseekpostype = 1
[LOG] SystemI::DSPCodecPoolRegister            : register codec pool for pool type 5
[LOG] SystemI::createSoundInternal             : Sample 0/1: name='footsteps_enemy_01', format=5, channels=1, frequency=48000, lengthbytes=1088, lengthpcm=7063, pcmblocksize=0, loopstart=0, loopend=0, mode=0x00000000, channelmask=0x00000000, channelorder=0, peakvolume=0.648407.
[LOG] SystemI::createSoundInternal             : Create name='', mode=0x02000202
[LOG] SystemI::createSoundInternal             : exinfo->cbsize             = 224
[LOG] SystemI::createSoundInternal             : exinfo->length             = 3523328
[LOG] SystemI::createSoundInternal             : exinfo->fileoffset         = 54592
[LOG] SystemI::createSoundInternal             : exinfo->numsubsounds       = 1
[LOG] SystemI::createSoundInternal             : exinfo->inclusionlist      = 0x700008dbc954
[LOG] SystemI::createSoundInternal             : exinfo->inclusionlistnum   = 1
[LOG] SystemI::createSoundInternal             : exinfo->suggestedsoundtype = 5
[LOG] SystemI::createSoundInternal             : exinfo->useropen           = 0x1aac347fa
[LOG] SystemI::createSoundInternal             : exinfo->userclose          = 0x1aac348b1
[LOG] SystemI::createSoundInternal             : exinfo->userread           = 0x1aac348de
[LOG] SystemI::createSoundInternal             : exinfo->userseek           = 0x1aac34982
[LOG] SystemI::createSoundInternal             : exinfo->fileuserdata       = 0x7fe04faeb968
[LOG] SystemI::createSoundInternal             : exinfo->initialseekpostype = 1
[LOG] SystemI::DSPCodecPoolRegister            : register codec pool for pool type 5
[LOG] SystemI::createSoundInternal             : Sample 0/1: name='footsteps_enemy_03', format=5, channels=1, frequency=48000, lengthbytes=1376, lengthpcm=7063, pcmblocksize=0, loopstart=0, loopend=0, mode=0x00000000, channelmask=0x00000000, channelorder=0, peakvolume=0.653046.
[LOG] SoundI::release                          :  (0x7fe0506121b8)
[LOG] SoundI::release                          :     footsteps_enemy_01 (0x7fe04ce5fa38)
[LOG] SoundI::release                          :  (0x7fe0527572d8)
[LOG] SoundI::release                          :     footsteps_enemy_02 (0x7fe04ce80e18)
[LOG] SoundI::release                          :  (0x7fe0515a5dc8)
[LOG] SoundI::release                          :     footsteps_enemy_03 (0x7fe052e0b448)
[LOG] Manager::readBank                        : fileversion = 135, compatVersion = 132 (oldest = 44, newest = 135)
[LOG] PlaybackSystem::acquireMasterBus         : Setting master channel group format to 6
[LOG] SystemI::createSoundInternal             : Create name='', mode=0x02000202
[LOG] SystemI::createSoundInternal             : exinfo->cbsize             = 224
[LOG] SystemI::createSoundInternal             : exinfo->length             = 3523328
[LOG] SystemI::createSoundInternal             : exinfo->fileoffset         = 54592
[LOG] SystemI::createSoundInternal             : exinfo->numsubsounds       = 1
[LOG] SystemI::createSoundInternal             : exinfo->inclusionlist      = 0x700008dbc954
[LOG] SystemI::createSoundInternal             : exinfo->inclusionlistnum   = 1
[LOG] SystemI::createSoundInternal             : exinfo->suggestedsoundtype = 5
[LOG] SystemI::createSoundInternal             : exinfo->useropen           = 0x1aac347fa
[LOG] SystemI::createSoundInternal             : exinfo->userclose          = 0x1aac348b1
[LOG] SystemI::createSoundInternal             : exinfo->userread           = 0x1aac348de
[LOG] SystemI::createSoundInternal             : exinfo->userseek           = 0x1aac34982
[LOG] SystemI::createSoundInternal             : exinfo->fileuserdata       = 0x7fe0547b4528
[LOG] SystemI::createSoundInternal             : exinfo->initialseekpostype = 1
[LOG] SystemI::DSPCodecPoolRegister            : register codec pool for pool type 5
[LOG] SystemI::createSoundInternal             : Sample 0/1: name='footsteps_enemy_02', format=5, channels=1, frequency=48000, lengthbytes=1504, lengthpcm=7063, pcmblocksize=0, loopstart=0, loopend=0, mode=0x00000000, channelmask=0x00000000, channelorder=0, peakvolume=0.567444.
[LOG] SystemI::createSoundInternal             : Create name='', mode=0x02000202
[LOG] SystemI::createSoundInternal             : exinfo->cbsize             = 224
[LOG] SystemI::createSoundInternal             : exinfo->length             = 3523328
[LOG] SystemI::createSoundInternal             : exinfo->fileoffset         = 54592
[LOG] SystemI::createSoundInternal             : exinfo->numsubsounds       = 1
[LOG] SystemI::createSoundInternal             : exinfo->inclusionlist      = 0x700008dbc954
[LOG] SystemI::createSoundInternal             : exinfo->inclusionlistnum   = 1
[LOG] SystemI::createSoundInternal             : exinfo->suggestedsoundtype = 5
[LOG] SystemI::createSoundInternal             : exinfo->useropen           = 0x1aac347fa
[LOG] SystemI::createSoundInternal             : exinfo->userclose          = 0x1aac348b1
[LOG] SystemI::createSoundInternal             : exinfo->userread           = 0x1aac348de
[LOG] SystemI::createSoundInternal             : exinfo->userseek           = 0x1aac34982
[LOG] SystemI::createSoundInternal             : exinfo->fileuserdata       = 0x7fe0547b4528
[LOG] SystemI::createSoundInternal             : exinfo->initialseekpostype = 1
[LOG] SystemI::DSPCodecPoolRegister            : register codec pool for pool type 5
[LOG] SystemI::createSoundInternal             : Sample 0/1: name='footsteps_enemy_01', format=5, channels=1, frequency=48000, lengthbytes=1088, lengthpcm=7063, pcmblocksize=0, loopstart=0, loopend=0, mode=0x00000000, channelmask=0x00000000, channelorder=0, peakvolume=0.648407.
[LOG] SystemI::createSoundInternal             : Create name='', mode=0x02000202
[LOG] SystemI::createSoundInternal             : exinfo->cbsize             = 224
[LOG] SystemI::createSoundInternal             : exinfo->length             = 3523328
[LOG] SystemI::createSoundInternal             : exinfo->fileoffset         = 54592
[LOG] SystemI::createSoundInternal             : exinfo->numsubsounds       = 1
[LOG] SystemI::createSoundInternal             : exinfo->inclusionlist      = 0x700008dbc954
[LOG] SystemI::createSoundInternal             : exinfo->inclusionlistnum   = 1
[LOG] SystemI::createSoundInternal             : exinfo->suggestedsoundtype = 5
[LOG] SystemI::createSoundInternal             : exinfo->useropen           = 0x1aac347fa
[LOG] SystemI::createSoundInternal             : exinfo->userclose          = 0x1aac348b1
[LOG] SystemI::createSoundInternal             : exinfo->userread           = 0x1aac348de
[LOG] SystemI::createSoundInternal             : exinfo->userseek           = 0x1aac34982
[LOG] SystemI::createSoundInternal             : exinfo->fileuserdata       = 0x7fe0547b4528
[LOG] SystemI::createSoundInternal             : exinfo->initialseekpostype = 1
[LOG] SystemI::DSPCodecPoolRegister            : register codec pool for pool type 5
[LOG] SystemI::createSoundInternal             : Sample 0/1: name='footsteps_enemy_03', format=5, channels=1, frequency=48000, lengthbytes=1376, lengthpcm=7063, pcmblocksize=0, loopstart=0, loopend=0, mode=0x00000000, channelmask=0x00000000, channelorder=0, peakvolume=0.653046.
[LOG] SoundI::release                          :  (0x7fe0537ec728)
[LOG] SoundI::release                          :     footsteps_enemy_01 (0x7fe05476fee8)
[LOG] SoundI::release                          :  (0x7fe04e2c8668)
[LOG] SoundI::release                          :     footsteps_enemy_02 (0x7fe05477a078)
[LOG] SoundI::release                          :  (0x7fe05379ac18)
[LOG] SoundI::release                          :     footsteps_enemy_03 (0x7fe0547d3998)
[LOG] Manager::readBank                        : fileversion = 135, compatVersion = 132 (oldest = 44, newest = 135)
[LOG] PlaybackSystem::acquireMasterBus         : Setting master channel group format to 6
[LOG] SystemI::createSoundInternal             : Create name='', mode=0x02000202
[LOG] SystemI::createSoundInternal             : exinfo->cbsize             = 224
[LOG] SystemI::createSoundInternal             : exinfo->length             = 3523328
[LOG] SystemI::createSoundInternal             : exinfo->fileoffset         = 54592
[LOG] SystemI::createSoundInternal             : exinfo->numsubsounds       = 1
[LOG] SystemI::createSoundInternal             : exinfo->inclusionlist      = 0x700008dbc954
[LOG] SystemI::createSoundInternal             : exinfo->inclusionlistnum   = 1
[LOG] SystemI::createSoundInternal             : exinfo->suggestedsoundtype = 5
[LOG] SystemI::createSoundInternal             : exinfo->useropen           = 0x1aac347fa
[LOG] SystemI::createSoundInternal             : exinfo->userclose          = 0x1aac348b1
[LOG] SystemI::createSoundInternal             : exinfo->userread           = 0x1aac348de
[LOG] SystemI::createSoundInternal             : exinfo->userseek           = 0x1aac34982
[LOG] SystemI::createSoundInternal             : exinfo->fileuserdata       = 0x7fe054749e28
[LOG] SystemI::createSoundInternal             : exinfo->initialseekpostype = 1
[LOG] SystemI::DSPCodecPoolRegister            : register codec pool for pool type 5
[LOG] SystemI::createSoundInternal             : Sample 0/1: name='footsteps_enemy_02', format=5, channels=1, frequency=48000, lengthbytes=1504, lengthpcm=7063, pcmblocksize=0, loopstart=0, loopend=0, mode=0x00000000, channelmask=0x00000000, channelorder=0, peakvolume=0.567444.
[LOG] SystemI::createSoundInternal             : Create name='', mode=0x02000202
[LOG] SystemI::createSoundInternal             : exinfo->cbsize             = 224
[LOG] SystemI::createSoundInternal             : exinfo->length             = 3523328
[LOG] SystemI::createSoundInternal             : exinfo->fileoffset         = 54592
[LOG] SystemI::createSoundInternal             : exinfo->numsubsounds       = 1
[LOG] SystemI::createSoundInternal             : exinfo->inclusionlist      = 0x700008dbc954
[LOG] SystemI::createSoundInternal             : exinfo->inclusionlistnum   = 1
[LOG] SystemI::createSoundInternal             : exinfo->suggestedsoundtype = 5
[LOG] SystemI::createSoundInternal             : exinfo->useropen           = 0x1aac347fa
[LOG] SystemI::createSoundInternal             : exinfo->userclose          = 0x1aac348b1
[LOG] SystemI::createSoundInternal             : exinfo->userread           = 0x1aac348de
[LOG] SystemI::createSoundInternal             : exinfo->userseek           = 0x1aac34982
[LOG] SystemI::createSoundInternal             : exinfo->fileuserdata       = 0x7fe054749e28
[LOG] SystemI::createSoundInternal             : exinfo->initialseekpostype = 1
[LOG] SystemI::DSPCodecPoolRegister            : register codec pool for pool type 5
[LOG] SystemI::createSoundInternal             : Sample 0/1: name='footsteps_enemy_01', format=5, channels=1, frequency=48000, lengthbytes=1088, lengthpcm=7063, pcmblocksize=0, loopstart=0, loopend=0, mode=0x00000000, channelmask=0x00000000, channelorder=0, peakvolume=0.648407.
[LOG] SystemI::createSoundInternal             : Create name='', mode=0x02000202
[LOG] SystemI::createSoundInternal             : exinfo->cbsize             = 224
[LOG] SystemI::createSoundInternal             : exinfo->length             = 3523328
[LOG] SystemI::createSoundInternal             : exinfo->fileoffset         = 54592
[LOG] SystemI::createSoundInternal             : exinfo->numsubsounds       = 1
[LOG] SystemI::createSoundInternal             : exinfo->inclusionlist      = 0x700008dbc954
[LOG] SystemI::createSoundInternal             : exinfo->inclusionlistnum   = 1
[LOG] SystemI::createSoundInternal             : exinfo->suggestedsoundtype = 5
[LOG] SystemI::createSoundInternal             : exinfo->useropen           = 0x1aac347fa
[LOG] SystemI::createSoundInternal             : exinfo->userclose          = 0x1aac348b1
[LOG] SystemI::createSoundInternal             : exinfo->userread           = 0x1aac348de
[LOG] SystemI::createSoundInternal             : exinfo->userseek           = 0x1aac34982
[LOG] SystemI::createSoundInternal             : exinfo->fileuserdata       = 0x7fe054749e28
[LOG] SystemI::createSoundInternal             : exinfo->initialseekpostype = 1
[LOG] SystemI::DSPCodecPoolRegister            : register codec pool for pool type 5
[LOG] SystemI::createSoundInternal             : Sample 0/1: name='footsteps_enemy_03', format=5, channels=1, frequency=48000, lengthbytes=1376, lengthpcm=7063, pcmblocksize=0, loopstart=0, loopend=0, mode=0x00000000, channelmask=0x00000000, channelorder=0, peakvolume=0.653046.
[LOG] SoundI::release                          :  (0x7fe04e2c8668)
[LOG] SoundI::release                          :     footsteps_enemy_01 (0x7fe05339d8e8)
[LOG] SoundI::release                          :  (0x7fe05205b5b8)
[LOG] SoundI::release                          :     footsteps_enemy_02 (0x7fe04ba81f58)
[LOG] SoundI::release                          :  (0x7fe05379ac18)
[LOG] SoundI::release                          :     footsteps_enemy_03 (0x7fe05477a078)
[LOG] Manager::readBank                        : fileversion = 135, compatVersion = 132 (oldest = 44, newest = 135)
[LOG] PlaybackSystem::acquireMasterBus         : Setting master channel group format to 6
[LOG] SystemI::createSoundInternal             : Create name='', mode=0x02000202
[LOG] SystemI::createSoundInternal             : exinfo->cbsize             = 224
[LOG] SystemI::createSoundInternal             : exinfo->length             = 3523328
[LOG] SystemI::createSoundInternal             : exinfo->fileoffset         = 54592
[LOG] SystemI::createSoundInternal             : exinfo->numsubsounds       = 1
[LOG] SystemI::createSoundInternal             : exinfo->inclusionlist      = 0x700008dbc954
[LOG] SystemI::createSoundInternal             : exinfo->inclusionlistnum   = 1
[LOG] SystemI::createSoundInternal             : exinfo->suggestedsoundtype = 5
[LOG] SystemI::createSoundInternal             : exinfo->useropen           = 0x1aac347fa
[LOG] SystemI::createSoundInternal             : exinfo->userclose          = 0x1aac348b1
[LOG] SystemI::createSoundInternal             : exinfo->userread           = 0x1aac348de
[LOG] SystemI::createSoundInternal             : exinfo->userseek           = 0x1aac34982
[LOG] SystemI::createSoundInternal             : exinfo->fileuserdata       = 0x7fe0533b55f8
[LOG] SystemI::createSoundInternal             : exinfo->initialseekpostype = 1
[LOG] SystemI::DSPCodecPoolRegister            : register codec pool for pool type 5
[LOG] SystemI::createSoundInternal             : Sample 0/1: name='footsteps_enemy_02', format=5, channels=1, frequency=48000, lengthbytes=1504, lengthpcm=7063, pcmblocksize=0, loopstart=0, loopend=0, mode=0x00000000, channelmask=0x00000000, channelorder=0, peakvolume=0.567444.
[LOG] SystemI::createSoundInternal             : Create name='', mode=0x02000202
[LOG] SystemI::createSoundInternal             : exinfo->cbsize             = 224
[LOG] SystemI::createSoundInternal             : exinfo->length             = 3523328
[LOG] SystemI::createSoundInternal             : exinfo->fileoffset         = 54592
[LOG] SystemI::createSoundInternal             : exinfo->numsubsounds       = 1
[LOG] SystemI::createSoundInternal             : exinfo->inclusionlist      = 0x700008dbc954
[LOG] SystemI::createSoundInternal             : exinfo->inclusionlistnum   = 1
[LOG] SystemI::createSoundInternal             : exinfo->suggestedsoundtype = 5
[LOG] SystemI::createSoundInternal             : exinfo->useropen           = 0x1aac347fa
[LOG] SystemI::createSoundInternal             : exinfo->userclose          = 0x1aac348b1
[LOG] SystemI::createSoundInternal             : exinfo->userread           = 0x1aac348de
[LOG] SystemI::createSoundInternal             : exinfo->userseek           = 0x1aac34982
[LOG] SystemI::createSoundInternal             : exinfo->fileuserdata       = 0x7fe0533b55f8
[LOG] SystemI::createSoundInternal             : exinfo->initialseekpostype = 1
[LOG] SystemI::DSPCodecPoolRegister            : register codec pool for pool type 5
[LOG] SystemI::createSoundInternal             : Sample 0/1: name='footsteps_enemy_01', format=5, channels=1, frequency=48000, lengthbytes=1088, lengthpcm=7063, pcmblocksize=0, loopstart=0, loopend=0, mode=0x00000000, channelmask=0x00000000, channelorder=0, peakvolume=0.648407.
[LOG] SystemI::createSoundInternal             : Create name='', mode=0x02000202
[LOG] SystemI::createSoundInternal             : exinfo->cbsize             = 224
[LOG] SystemI::createSoundInternal             : exinfo->length             = 3523328
[LOG] SystemI::createSoundInternal             : exinfo->fileoffset         = 54592
[LOG] SystemI::createSoundInternal             : exinfo->numsubsounds       = 1
[LOG] SystemI::createSoundInternal             : exinfo->inclusionlist      = 0x700008dbc954
[LOG] SystemI::createSoundInternal             : exinfo->inclusionlistnum   = 1
[LOG] SystemI::createSoundInternal             : exinfo->suggestedsoundtype = 5
[LOG] SystemI::createSoundInternal             : exinfo->useropen           = 0x1aac347fa
[LOG] SystemI::createSoundInternal             : exinfo->userclose          = 0x1aac348b1
[LOG] SystemI::createSoundInternal             : exinfo->userread           = 0x1aac348de
[LOG] SystemI::createSoundInternal             : exinfo->userseek           = 0x1aac34982
[LOG] SystemI::createSoundInternal             : exinfo->fileuserdata       = 0x7fe0533b55f8
[LOG] SystemI::createSoundInternal             : exinfo->initialseekpostype = 1
[LOG] SystemI::DSPCodecPoolRegister            : register codec pool for pool type 5
[LOG] SystemI::createSoundInternal             : Sample 0/1: name='footsteps_enemy_03', format=5, channels=1, frequency=48000, lengthbytes=1376, lengthpcm=7063, pcmblocksize=0, loopstart=0, loopend=0, mode=0x00000000, channelmask=0x00000000, channelorder=0, peakvolume=0.653046.
[LOG] SoundI::release                          :  (0x7fe054749428)
[LOG] SoundI::release                          :     footsteps_enemy_01 (0x7fe0547516a8)
[LOG] SoundI::release                          :  (0x7fe0537fb6e8)
[LOG] SoundI::release                          :     footsteps_enemy_02 (0x7fe05477cc68)
[LOG] SoundI::release                          :  (0x7fe054741b68)
[LOG] SoundI::release                          :     footsteps_enemy_03 (0x7fe0547b6448)
[LOG] Manager::readBank                        : fileversion = 135, compatVersion = 132 (oldest = 44, newest = 135)
[LOG] PlaybackSystem::acquireMasterBus         : Setting master channel group format to 6
[LOG] SystemI::createSoundInternal             : Create name='', mode=0x02000202
[LOG] SystemI::createSoundInternal             : exinfo->cbsize             = 224
[LOG] SystemI::createSoundInternal             : exinfo->length             = 3523328
[LOG] SystemI::createSoundInternal             : exinfo->fileoffset         = 54592
[LOG] SystemI::createSoundInternal             : exinfo->numsubsounds       = 1
[LOG] SystemI::createSoundInternal             : exinfo->inclusionlist      = 0x700008dbc954
[LOG] SystemI::createSoundInternal             : exinfo->inclusionlistnum   = 1
[LOG] SystemI::createSoundInternal             : exinfo->suggestedsoundtype = 5
[LOG] SystemI::createSoundInternal             : exinfo->useropen           = 0x1aac347fa
[LOG] SystemI::createSoundInternal             : exinfo->userclose          = 0x1aac348b1
[LOG] SystemI::createSoundInternal             : exinfo->userread           = 0x1aac348de
[LOG] SystemI::createSoundInternal             : exinfo->userseek           = 0x1aac34982
[LOG] SystemI::createSoundInternal             : exinfo->fileuserdata       = 0x7fe04faeb968
[LOG] SystemI::createSoundInternal             : exinfo->initialseekpostype = 1
[LOG] SystemI::DSPCodecPoolRegister            : register codec pool for pool type 5
[LOG] SystemI::createSoundInternal             : Sample 0/1: name='footsteps_enemy_02', format=5, channels=1, frequency=48000, lengthbytes=1504, lengthpcm=7063, pcmblocksize=0, loopstart=0, loopend=0, mode=0x00000000, channelmask=0x00000000, channelorder=0, peakvolume=0.567444.
[LOG] SystemI::createSoundInternal             : Create name='', mode=0x02000202
[LOG] SystemI::createSoundInternal             : exinfo->cbsize             = 224
[LOG] SystemI::createSoundInternal             : exinfo->length             = 3523328
[LOG] SystemI::createSoundInternal             : exinfo->fileoffset         = 54592
[LOG] SystemI::createSoundInternal             : exinfo->numsubsounds       = 1
[LOG] SystemI::createSoundInternal             : exinfo->inclusionlist      = 0x700008dbc954
[LOG] SystemI::createSoundInternal             : exinfo->inclusionlistnum   = 1
[LOG] SystemI::createSoundInternal             : exinfo->suggestedsoundtype = 5
[LOG] SystemI::createSoundInternal             : exinfo->useropen           = 0x1aac347fa
[LOG] SystemI::createSoundInternal             : exinfo->userclose          = 0x1aac348b1
[LOG] SystemI::createSoundInternal             : exinfo->userread           = 0x1aac348de
[LOG] SystemI::createSoundInternal             : exinfo->userseek           = 0x1aac34982
[LOG] SystemI::createSoundInternal             : exinfo->fileuserdata       = 0x7fe04faeb968
[LOG] SystemI::createSoundInternal             : exinfo->initialseekpostype = 1
[LOG] SystemI::DSPCodecPoolRegister            : register codec pool for pool type 5
[LOG] SystemI::createSoundInternal             : Sample 0/1: name='footsteps_enemy_01', format=5, channels=1, frequency=48000, lengthbytes=1088, lengthpcm=7063, pcmblocksize=0, loopstart=0, loopend=0, mode=0x00000000, channelmask=0x00000000, channelorder=0, peakvolume=0.648407.
[LOG] SystemI::createSoundInternal             : Create name='', mode=0x02000202
[LOG] SystemI::createSoundInternal             : exinfo->cbsize             = 224
[LOG] SystemI::createSoundInternal             : exinfo->length             = 3523328
[LOG] SystemI::createSoundInternal             : exinfo->fileoffset         = 54592
[LOG] SystemI::createSoundInternal             : exinfo->numsubsounds       = 1
[LOG] SystemI::createSoundInternal             : exinfo->inclusionlist      = 0x700008dbc954
[LOG] SystemI::createSoundInternal             : exinfo->inclusionlistnum   = 1
[LOG] SystemI::createSoundInternal             : exinfo->suggestedsoundtype = 5
[LOG] SystemI::createSoundInternal             : exinfo->useropen           = 0x1aac347fa
[LOG] SystemI::createSoundInternal             : exinfo->userclose          = 0x1aac348b1
[LOG] SystemI::createSoundInternal             : exinfo->userread           = 0x1aac348de
[LOG] SystemI::createSoundInternal             : exinfo->userseek           = 0x1aac34982
[LOG] SystemI::createSoundInternal             : exinfo->fileuserdata       = 0x7fe04faeb968
[LOG] SystemI::createSoundInternal             : exinfo->initialseekpostype = 1
[LOG] SystemI::DSPCodecPoolRegister            : register codec pool for pool type 5
[LOG] SystemI::createSoundInternal             : Sample 0/1: name='footsteps_enemy_03', format=5, channels=1, frequency=48000, lengthbytes=1376, lengthpcm=7063, pcmblocksize=0, loopstart=0, loopend=0, mode=0x00000000, channelmask=0x00000000, channelorder=0, peakvolume=0.653046.
[LOG] SoundI::release                          :  (0x7fe0527572d8)
[LOG] SoundI::release                          :     footsteps_enemy_01 (0x7fe04ce5fa38)
[LOG] SoundI::release                          :  (0x7fe0515a5dc8)
[LOG] SoundI::release                          :     footsteps_enemy_02 (0x7fe04ce80e18)
[LOG] SoundI::release                          :  (0x7fe0506121b8)
[LOG] SoundI::release                          :     footsteps_enemy_03 (0x7fe04ce88988)
[LOG] Manager::readBank                        : fileversion = 135, compatVersion = 132 (oldest = 44, newest = 135)
[LOG] PlaybackSystem::acquireMasterBus         : Setting master channel group format to 6
[LOG] SystemI::createSoundInternal             : Create name='', mode=0x02000202
[LOG] SystemI::createSoundInternal             : exinfo->cbsize             = 224
[LOG] SystemI::createSoundInternal             : exinfo->length             = 3523328
[LOG] SystemI::createSoundInternal             : exinfo->fileoffset         = 54592
[LOG] SystemI::createSoundInternal             : exinfo->numsubsounds       = 1
[LOG] SystemI::createSoundInternal             : exinfo->inclusionlist      = 0x700008dbc954
[LOG] SystemI::createSoundInternal             : exinfo->inclusionlistnum   = 1
[LOG] SystemI::createSoundInternal             : exinfo->suggestedsoundtype = 5
[LOG] SystemI::createSoundInternal             : exinfo->useropen           = 0x1aac347fa
[LOG] SystemI::createSoundInternal             : exinfo->userclose          = 0x1aac348b1
[LOG] SystemI::createSoundInternal             : exinfo->userread           = 0x1aac348de
[LOG] SystemI::createSoundInternal             : exinfo->userseek           = 0x1aac34982
[LOG] SystemI::createSoundInternal             : exinfo->fileuserdata       = 0x7fe05176dcf8
[LOG] SystemI::createSoundInternal             : exinfo->initialseekpostype = 1
[LOG] SystemI::DSPCodecPoolRegister            : register codec pool for pool type 5
[LOG] SystemI::createSoundInternal             : Sample 0/1: name='footsteps_enemy_02', format=5, channels=1, frequency=48000, lengthbytes=1504, lengthpcm=7063, pcmblocksize=0, loopstart=0, loopend=0, mode=0x00000000, channelmask=0x00000000, channelorder=0, peakvolume=0.567444.
[LOG] SystemI::createSoundInternal             : Create name='', mode=0x02000202
[LOG] SystemI::createSoundInternal             : exinfo->cbsize             = 224
[LOG] SystemI::createSoundInternal             : exinfo->length             = 3523328
[LOG] SystemI::createSoundInternal             : exinfo->fileoffset         = 54592
[LOG] SystemI::createSoundInternal             : exinfo->numsubsounds       = 1
[LOG] SystemI::createSoundInternal             : exinfo->inclusionlist      = 0x700008dbc954
[LOG] SystemI::createSoundInternal             : exinfo->inclusionlistnum   = 1
[LOG] SystemI::createSoundInternal             : exinfo->suggestedsoundtype = 5
[LOG] SystemI::createSoundInternal             : exinfo->useropen           = 0x1aac347fa
[LOG] SystemI::createSoundInternal             : exinfo->userclose          = 0x1aac348b1
[LOG] SystemI::createSoundInternal             : exinfo->userread           = 0x1aac348de
[LOG] SystemI::createSoundInternal             : exinfo->userseek           = 0x1aac34982
[LOG] SystemI::createSoundInternal             : exinfo->fileuserdata       = 0x7fe05176dcf8
[LOG] SystemI::createSoundInternal             : exinfo->initialseekpostype = 1
[LOG] SystemI::DSPCodecPoolRegister            : register codec pool for pool type 5
[LOG] SystemI::createSoundInternal             : Sample 0/1: name='footsteps_enemy_01', format=5, channels=1, frequency=48000, lengthbytes=1088, lengthpcm=7063, pcmblocksize=0, loopstart=0, loopend=0, mode=0x00000000, channelmask=0x00000000, channelorder=0, peakvolume=0.648407.
[LOG] SystemI::createSoundInternal             : Create name='', mode=0x02000202
[LOG] SystemI::createSoundInternal             : exinfo->cbsize             = 224
[LOG] SystemI::createSoundInternal             : exinfo->length             = 3523328
[LOG] SystemI::createSoundInternal             : exinfo->fileoffset         = 54592
[LOG] SystemI::createSoundInternal             : exinfo->numsubsounds       = 1
[LOG] SystemI::createSoundInternal             : exinfo->inclusionlist      = 0x700008dbc954
[LOG] SystemI::createSoundInternal             : exinfo->inclusionlistnum   = 1
[LOG] SystemI::createSoundInternal             : exinfo->suggestedsoundtype = 5
[LOG] SystemI::createSoundInternal             : exinfo->useropen           = 0x1aac347fa
[LOG] SystemI::createSoundInternal             : exinfo->userclose          = 0x1aac348b1
[LOG] SystemI::createSoundInternal             : exinfo->userread           = 0x1aac348de
[LOG] SystemI::createSoundInternal             : exinfo->userseek           = 0x1aac34982
[LOG] SystemI::createSoundInternal             : exinfo->fileuserdata       = 0x7fe05176dcf8
[LOG] SystemI::createSoundInternal             : exinfo->initialseekpostype = 1
[LOG] SystemI::DSPCodecPoolRegister            : register codec pool for pool type 5
[LOG] SystemI::createSoundInternal             : Sample 0/1: name='footsteps_enemy_03', format=5, channels=1, frequency=48000, lengthbytes=1376, lengthpcm=7063, pcmblocksize=0, loopstart=0, loopend=0, mode=0x00000000, channelmask=0x00000000, channelorder=0, peakvolume=0.653046.
[LOG] SoundI::release                          :  (0x7fe0515a5dc8)
[LOG] SoundI::release                          :     footsteps_enemy_01 (0x7fe04ce80e18)
[LOG] SoundI::release                          :  (0x7fe0506121b8)
[LOG] SoundI::release                          :     footsteps_enemy_02 (0x7fe04ce88988)
[LOG] SoundI::release                          :  (0x7fe0527572d8)
[LOG] SoundI::release                          :     footsteps_enemy_03 (0x7fe04ce5fa38)
[LOG] Manager::readBank                        : fileversion = 135, compatVersion = 132 (oldest = 44, newest = 135)
[LOG] PlaybackSystem::acquireMasterBus         : Setting master channel group format to 6
[LOG] SystemI::createSoundInternal             : Create name='', mode=0x02000202
[LOG] SystemI::createSoundInternal             : exinfo->cbsize             = 224
[LOG] SystemI::createSoundInternal             : exinfo->length             = 3523328
[LOG] SystemI::createSoundInternal             : exinfo->fileoffset         = 54592
[LOG] SystemI::createSoundInternal             : exinfo->numsubsounds       = 1
[LOG] SystemI::createSoundInternal             : exinfo->inclusionlist      = 0x700008dbc954
[LOG] SystemI::createSoundInternal             : exinfo->inclusionlistnum   = 1
[LOG] SystemI::createSoundInternal             : exinfo->suggestedsoundtype = 5
[LOG] SystemI::createSoundInternal             : exinfo->useropen           = 0x1aac347fa
[LOG] SystemI::createSoundInternal             : exinfo->userclose          = 0x1aac348b1
[LOG] SystemI::createSoundInternal             : exinfo->userread           = 0x1aac348de
[LOG] SystemI::createSoundInternal             : exinfo->userseek           = 0x1aac34982
[LOG] SystemI::createSoundInternal             : exinfo->fileuserdata       = 0x7fe054743b18
[LOG] SystemI::createSoundInternal             : exinfo->initialseekpostype = 1
[LOG] SystemI::DSPCodecPoolRegister            : register codec pool for pool type 5
[LOG] SystemI::createSoundInternal             : Sample 0/1: name='footsteps_enemy_02', format=5, channels=1, frequency=48000, lengthbytes=1504, lengthpcm=7063, pcmblocksize=0, loopstart=0, loopend=0, mode=0x00000000, channelmask=0x00000000, channelorder=0, peakvolume=0.567444.
[LOG] SystemI::createSoundInternal             : Create name='', mode=0x02000202
[LOG] SystemI::createSoundInternal             : exinfo->cbsize             = 224
[LOG] SystemI::createSoundInternal             : exinfo->length             = 3523328
[LOG] SystemI::createSoundInternal             : exinfo->fileoffset         = 54592
[LOG] SystemI::createSoundInternal             : exinfo->numsubsounds       = 1
[LOG] SystemI::createSoundInternal             : exinfo->inclusionlist      = 0x700008dbc954
[LOG] SystemI::createSoundInternal             : exinfo->inclusionlistnum   = 1
[LOG] SystemI::createSoundInternal             : exinfo->suggestedsoundtype = 5
[LOG] SystemI::createSoundInternal             : exinfo->useropen           = 0x1aac347fa
[LOG] SystemI::createSoundInternal             : exinfo->userclose          = 0x1aac348b1
[LOG] SystemI::createSoundInternal             : exinfo->userread           = 0x1aac348de
[LOG] SystemI::createSoundInternal             : exinfo->userseek           = 0x1aac34982
[LOG] SystemI::createSoundInternal             : exinfo->fileuserdata       = 0x7fe054743b18
[LOG] SystemI::createSoundInternal             : exinfo->initialseekpostype = 1
[LOG] SystemI::DSPCodecPoolRegister            : register codec pool for pool type 5
[LOG] SystemI::createSoundInternal             : Sample 0/1: name='footsteps_enemy_01', format=5, channels=1, frequency=48000, lengthbytes=1088, lengthpcm=7063, pcmblocksize=0, loopstart=0, loopend=0, mode=0x00000000, channelmask=0x00000000, channelorder=0, peakvolume=0.648407.
[LOG] SystemI::createSoundInternal             : Create name='', mode=0x02000202
[LOG] SystemI::createSoundInternal             : exinfo->cbsize             = 224
[LOG] SystemI::createSoundInternal             : exinfo->length             = 3523328
[LOG] SystemI::createSoundInternal             : exinfo->fileoffset         = 54592
[LOG] SystemI::createSoundInternal             : exinfo->numsubsounds       = 1
[LOG] SystemI::createSoundInternal             : exinfo->inclusionlist      = 0x700008dbc954
[LOG] SystemI::createSoundInternal             : exinfo->inclusionlistnum   = 1
[LOG] SystemI::createSoundInternal             : exinfo->suggestedsoundtype = 5
[LOG] SystemI::createSoundInternal             : exinfo->useropen           = 0x1aac347fa
[LOG] SystemI::createSoundInternal             : exinfo->userclose          = 0x1aac348b1
[LOG] SystemI::createSoundInternal             : exinfo->userread           = 0x1aac348de
[LOG] SystemI::createSoundInternal             : exinfo->userseek           = 0x1aac34982
[LOG] SystemI::createSoundInternal             : exinfo->fileuserdata       = 0x7fe054743b18
[LOG] SystemI::createSoundInternal             : exinfo->initialseekpostype = 1
[LOG] SystemI::DSPCodecPoolRegister            : register codec pool for pool type 5
[LOG] SystemI::createSoundInternal             : Sample 0/1: name='footsteps_enemy_03', format=5, channels=1, frequency=48000, lengthbytes=1376, lengthpcm=7063, pcmblocksize=0, loopstart=0, loopend=0, mode=0x00000000, channelmask=0x00000000, channelorder=0, peakvolume=0.653046.
[LOG] SoundI::release                          :  (0x7fe05201f9d8)
[LOG] SoundI::release                          :     footsteps_enemy_01 (0x7fe052024408)
[LOG] SoundI::release                          :  (0x7fe04ba81f58)
[LOG] SoundI::release                          :     footsteps_enemy_02 (0x7fe052018ea8)
[LOG] SoundI::release                          :  (0x7fe05207a6b8)
[LOG] SoundI::release                          :     footsteps_enemy_03 (0x7fe05207a828)
[LOG] Manager::readBank                        : fileversion = 135, compatVersion = 132 (oldest = 44, newest = 135)
[LOG] PlaybackSystem::acquireMasterBus         : Setting master channel group format to 6
[LOG] SystemI::createSoundInternal             : Create name='', mode=0x02000202
[LOG] SystemI::createSoundInternal             : exinfo->cbsize             = 224
[LOG] SystemI::createSoundInternal             : exinfo->length             = 3523328
[LOG] SystemI::createSoundInternal             : exinfo->fileoffset         = 54592
[LOG] SystemI::createSoundInternal             : exinfo->numsubsounds       = 1
[LOG] SystemI::createSoundInternal             : exinfo->inclusionlist      = 0x700008dbc954
[LOG] SystemI::createSoundInternal             : exinfo->inclusionlistnum   = 1
[LOG] SystemI::createSoundInternal             : exinfo->suggestedsoundtype = 5
[LOG] SystemI::createSoundInternal             : exinfo->useropen           = 0x1aac347fa
[LOG] SystemI::createSoundInternal             : exinfo->userclose          = 0x1aac348b1
[LOG] SystemI::createSoundInternal             : exinfo->userread           = 0x1aac348de
[LOG] SystemI::createSoundInternal             : exinfo->userseek           = 0x1aac34982
[LOG] SystemI::createSoundInternal             : exinfo->fileuserdata       = 0x7fe054340618
[LOG] SystemI::createSoundInternal             : exinfo->initialseekpostype = 1
[LOG] SystemI::DSPCodecPoolRegister            : register codec pool for pool type 5
[LOG] SystemI::createSoundInternal             : Sample 0/1: name='footsteps_enemy_02', format=5, channels=1, frequency=48000, lengthbytes=1504, lengthpcm=7063, pcmblocksize=0, loopstart=0, loopend=0, mode=0x00000000, channelmask=0x00000000, channelorder=0, peakvolume=0.567444.
[LOG] SystemI::createSoundInternal             : Create name='', mode=0x02000202
[LOG] SystemI::createSoundInternal             : exinfo->cbsize             = 224
[LOG] SystemI::createSoundInternal             : exinfo->length             = 3523328
[LOG] SystemI::createSoundInternal             : exinfo->fileoffset         = 54592
[LOG] SystemI::createSoundInternal             : exinfo->numsubsounds       = 1
[LOG] SystemI::createSoundInternal             : exinfo->inclusionlist      = 0x700008dbc954
[LOG] SystemI::createSoundInternal             : exinfo->inclusionlistnum   = 1
[LOG] SystemI::createSoundInternal             : exinfo->suggestedsoundtype = 5
[LOG] SystemI::createSoundInternal             : exinfo->useropen           = 0x1aac347fa
[LOG] SystemI::createSoundInternal             : exinfo->userclose          = 0x1aac348b1
[LOG] SystemI::createSoundInternal             : exinfo->userread           = 0x1aac348de
[LOG] SystemI::createSoundInternal             : exinfo->userseek           = 0x1aac34982
[LOG] SystemI::createSoundInternal             : exinfo->fileuserdata       = 0x7fe054340618
[LOG] SystemI::createSoundInternal             : exinfo->initialseekpostype = 1
[LOG] SystemI::DSPCodecPoolRegister            : register codec pool for pool type 5
[LOG] SystemI::createSoundInternal             : Sample 0/1: name='footsteps_enemy_01', format=5, channels=1, frequency=48000, lengthbytes=1088, lengthpcm=7063, pcmblocksize=0, loopstart=0, loopend=0, mode=0x00000000, channelmask=0x00000000, channelorder=0, peakvolume=0.648407.
[LOG] SystemI::createSoundInternal             : Create name='', mode=0x02000202
[LOG] SystemI::createSoundInternal             : exinfo->cbsize             = 224
[LOG] SystemI::createSoundInternal             : exinfo->length             = 3523328
[LOG] SystemI::createSoundInternal             : exinfo->fileoffset         = 54592
[LOG] SystemI::createSoundInternal             : exinfo->numsubsounds       = 1
[LOG] SystemI::createSoundInternal             : exinfo->inclusionlist      = 0x700008dbc954
[LOG] SystemI::createSoundInternal             : exinfo->inclusionlistnum   = 1
[LOG] SystemI::createSoundInternal             : exinfo->suggestedsoundtype = 5
[LOG] SystemI::createSoundInternal             : exinfo->useropen           = 0x1aac347fa
[LOG] SystemI::createSoundInternal             : exinfo->userclose          = 0x1aac348b1
[LOG] SystemI::createSoundInternal             : exinfo->userread           = 0x1aac348de
[LOG] SystemI::createSoundInternal             : exinfo->userseek           = 0x1aac34982
[LOG] SystemI::createSoundInternal             : exinfo->fileuserdata       = 0x7fe054340618
[LOG] SystemI::createSoundInternal             : exinfo->initialseekpostype = 1
[LOG] SystemI::DSPCodecPoolRegister            : register codec pool for pool type 5
[LOG] SystemI::createSoundInternal             : Sample 0/1: name='footsteps_enemy_03', format=5, channels=1, frequency=48000, lengthbytes=1376, lengthpcm=7063, pcmblocksize=0, loopstart=0, loopend=0, mode=0x00000000, channelmask=0x00000000, channelorder=0, peakvolume=0.653046.
[LOG] SoundI::release                          :  (0x7fe054394818)
[LOG] SoundI::release                          :     footsteps_enemy_01 (0x7fe0554372c8)
[LOG] SoundI::release                          :  (0x7fe054398928)
[LOG] SoundI::release                          :     footsteps_enemy_02 (0x7fe055437548)
[LOG] SoundI::release                          :  (0x7fe0543ee018)
[LOG] SoundI::release                          :     footsteps_enemy_03 (0x7fe055432c68)
[LOG] Manager::readBank                        : fileversion = 135, compatVersion = 132 (oldest = 44, newest = 135)
[LOG] PlaybackSystem::acquireMasterBus         : Setting master channel group format to 6
[LOG] SystemI::createSoundInternal             : Create name='', mode=0x02000202
[LOG] SystemI::createSoundInternal             : exinfo->cbsize             = 224
[LOG] SystemI::createSoundInternal             : exinfo->length             = 3523328
[LOG] SystemI::createSoundInternal             : exinfo->fileoffset         = 54592
[LOG] SystemI::createSoundInternal             : exinfo->numsubsounds       = 1
[LOG] SystemI::createSoundInternal             : exinfo->inclusionlist      = 0x700008dbc954
[LOG] SystemI::createSoundInternal             : exinfo->inclusionlistnum   = 1
[LOG] SystemI::createSoundInternal             : exinfo->suggestedsoundtype = 5
[LOG] SystemI::createSoundInternal             : exinfo->useropen           = 0x1aac347fa
[LOG] SystemI::createSoundInternal             : exinfo->userclose          = 0x1aac348b1
[LOG] SystemI::createSoundInternal             : exinfo->userread           = 0x1aac348de
[LOG] SystemI::createSoundInternal             : exinfo->userseek           = 0x1aac34982
[LOG] SystemI::createSoundInternal             : exinfo->fileuserdata       = 0x7fe04faeb968
[LOG] SystemI::createSoundInternal             : exinfo->initialseekpostype = 1
[LOG] SystemI::DSPCodecPoolRegister            : register codec pool for pool type 5
[LOG] SystemI::createSoundInternal             : Sample 0/1: name='footsteps_enemy_02', format=5, channels=1, frequency=48000, lengthbytes=1504, lengthpcm=7063, pcmblocksize=0, loopstart=0, loopend=0, mode=0x00000000, channelmask=0x00000000, channelorder=0, peakvolume=0.567444.
[LOG] SystemI::createSoundInternal             : Create name='', mode=0x02000202
[LOG] SystemI::createSoundInternal             : exinfo->cbsize             = 224
[LOG] SystemI::createSoundInternal             : exinfo->length             = 3523328
[LOG] SystemI::createSoundInternal             : exinfo->fileoffset         = 54592
[LOG] SystemI::createSoundInternal             : exinfo->numsubsounds       = 1
[LOG] SystemI::createSoundInternal             : exinfo->inclusionlist      = 0x700008dbc954
[LOG] SystemI::createSoundInternal             : exinfo->inclusionlistnum   = 1
[LOG] SystemI::createSoundInternal             : exinfo->suggestedsoundtype = 5
[LOG] SystemI::createSoundInternal             : exinfo->useropen           = 0x1aac347fa
[LOG] SystemI::createSoundInternal             : exinfo->userclose          = 0x1aac348b1
[LOG] SystemI::createSoundInternal             : exinfo->userread           = 0x1aac348de
[LOG] SystemI::createSoundInternal             : exinfo->userseek           = 0x1aac34982
[LOG] SystemI::createSoundInternal             : exinfo->fileuserdata       = 0x7fe04faeb968
[LOG] SystemI::createSoundInternal             : exinfo->initialseekpostype = 1
[LOG] SystemI::DSPCodecPoolRegister            : register codec pool for pool type 5
[LOG] SystemI::createSoundInternal             : Sample 0/1: name='footsteps_enemy_01', format=5, channels=1, frequency=48000, lengthbytes=1088, lengthpcm=7063, pcmblocksize=0, loopstart=0, loopend=0, mode=0x00000000, channelmask=0x00000000, channelorder=0, peakvolume=0.648407.
[LOG] SystemI::createSoundInternal             : Create name='', mode=0x02000202
[LOG] SystemI::createSoundInternal             : exinfo->cbsize             = 224
[LOG] SystemI::createSoundInternal             : exinfo->length             = 3523328
[LOG] SystemI::createSoundInternal             : exinfo->fileoffset         = 54592
[LOG] SystemI::createSoundInternal             : exinfo->numsubsounds       = 1
[LOG] SystemI::createSoundInternal             : exinfo->inclusionlist      = 0x700008dbc954
[LOG] SystemI::createSoundInternal             : exinfo->inclusionlistnum   = 1
[LOG] SystemI::createSoundInternal             : exinfo->suggestedsoundtype = 5
[LOG] SystemI::createSoundInternal             : exinfo->useropen           = 0x1aac347fa
[LOG] SystemI::createSoundInternal             : exinfo->userclose          = 0x1aac348b1
[LOG] SystemI::createSoundInternal             : exinfo->userread           = 0x1aac348de
[LOG] SystemI::createSoundInternal             : exinfo->userseek           = 0x1aac34982
[LOG] SystemI::createSoundInternal             : exinfo->fileuserdata       = 0x7fe04faeb968
[LOG] SystemI::createSoundInternal             : exinfo->initialseekpostype = 1
[LOG] SystemI::DSPCodecPoolRegister            : register codec pool for pool type 5
[LOG] SystemI::createSoundInternal             : Sample 0/1: name='footsteps_enemy_03', format=5, channels=1, frequency=48000, lengthbytes=1376, lengthpcm=7063, pcmblocksize=0, loopstart=0, loopend=0, mode=0x00000000, channelmask=0x00000000, channelorder=0, peakvolume=0.653046.
[LOG] SoundI::release                          :  (0x7fe0527572d8)
[LOG] SoundI::release                          :     footsteps_enemy_01 (0x7fe04ce88988)
[LOG] SoundI::release                          :  (0x7fe0506121b8)
[LOG] SoundI::release                          :     footsteps_enemy_02 (0x7fe04ce5fa38)
[LOG] SoundI::release                          :  (0x7fe0515a5dc8)
[LOG] SoundI::release                          :     footsteps_enemy_03 (0x7fe04ce80e18)
[LOG] Manager::readBank                        : fileversion = 135, compatVersion = 132 (oldest = 44, newest = 135)
[LOG] PlaybackSystem::acquireMasterBus         : Setting master channel group format to 6
[LOG] SystemI::createSoundInternal             : Create name='', mode=0x02000202
[LOG] SystemI::createSoundInternal             : exinfo->cbsize             = 224
[LOG] SystemI::createSoundInternal             : exinfo->length             = 3523328
[LOG] SystemI::createSoundInternal             : exinfo->fileoffset         = 54592
[LOG] SystemI::createSoundInternal             : exinfo->numsubsounds       = 1
[LOG] SystemI::createSoundInternal             : exinfo->inclusionlist      = 0x700008dbc954
[LOG] SystemI::createSoundInternal             : exinfo->inclusionlistnum   = 1
[LOG] SystemI::createSoundInternal             : exinfo->suggestedsoundtype = 5
[LOG] SystemI::createSoundInternal             : exinfo->useropen           = 0x1aac347fa
[LOG] SystemI::createSoundInternal             : exinfo->userclose          = 0x1aac348b1
[LOG] SystemI::createSoundInternal             : exinfo->userread           = 0x1aac348de
[LOG] SystemI::createSoundInternal             : exinfo->userseek           = 0x1aac34982
[LOG] SystemI::createSoundInternal             : exinfo->fileuserdata       = 0x7fe0524f1018
[LOG] SystemI::createSoundInternal             : exinfo->initialseekpostype = 1
[LOG] SystemI::DSPCodecPoolRegister            : register codec pool for pool type 5
[LOG] SystemI::createSoundInternal             : Sample 0/1: name='footsteps_enemy_02', format=5, channels=1, frequency=48000, lengthbytes=1504, lengthpcm=7063, pcmblocksize=0, loopstart=0, loopend=0, mode=0x00000000, channelmask=0x00000000, channelorder=0, peakvolume=0.567444.
[LOG] SystemI::createSoundInternal             : Create name='', mode=0x02000202
[LOG] SystemI::createSoundInternal             : exinfo->cbsize             = 224
[LOG] SystemI::createSoundInternal             : exinfo->length             = 3523328
[LOG] SystemI::createSoundInternal             : exinfo->fileoffset         = 54592
[LOG] SystemI::createSoundInternal             : exinfo->numsubsounds       = 1
[LOG] SystemI::createSoundInternal             : exinfo->inclusionlist      = 0x700008dbc954
[LOG] SystemI::createSoundInternal             : exinfo->inclusionlistnum   = 1
[LOG] SystemI::createSoundInternal             : exinfo->suggestedsoundtype = 5
[LOG] SystemI::createSoundInternal             : exinfo->useropen           = 0x1aac347fa
[LOG] SystemI::createSoundInternal             : exinfo->userclose          = 0x1aac348b1
[LOG] SystemI::createSoundInternal             : exinfo->userread           = 0x1aac348de
[LOG] SystemI::createSoundInternal             : exinfo->userseek           = 0x1aac34982
[LOG] SystemI::createSoundInternal             : exinfo->fileuserdata       = 0x7fe0524f1018
[LOG] SystemI::createSoundInternal             : exinfo->initialseekpostype = 1
[LOG] SystemI::DSPCodecPoolRegister            : register codec pool for pool type 5
[LOG] SystemI::createSoundInternal             : Sample 0/1: name='footsteps_enemy_01', format=5, channels=1, frequency=48000, lengthbytes=1088, lengthpcm=7063, pcmblocksize=0, loopstart=0, loopend=0, mode=0x00000000, channelmask=0x00000000, channelorder=0, peakvolume=0.648407.
[LOG] SystemI::createSoundInternal             : Create name='', mode=0x02000202
[LOG] SystemI::createSoundInternal             : exinfo->cbsize             = 224
[LOG] SystemI::createSoundInternal             : exinfo->length             = 3523328
[LOG] SystemI::createSoundInternal             : exinfo->fileoffset         = 54592
[LOG] SystemI::createSoundInternal             : exinfo->numsubsounds       = 1
[LOG] SystemI::createSoundInternal             : exinfo->inclusionlist      = 0x700008dbc954
[LOG] SystemI::createSoundInternal             : exinfo->inclusionlistnum   = 1
[LOG] SystemI::createSoundInternal             : exinfo->suggestedsoundtype = 5
[LOG] SystemI::createSoundInternal             : exinfo->useropen           = 0x1aac347fa
[LOG] SystemI::createSoundInternal             : exinfo->userclose          = 0x1aac348b1
[LOG] SystemI::createSoundInternal             : exinfo->userread           = 0x1aac348de
[LOG] SystemI::createSoundInternal             : exinfo->userseek           = 0x1aac34982
[LOG] SystemI::createSoundInternal             : exinfo->fileuserdata       = 0x7fe0524f1018
[LOG] SystemI::createSoundInternal             : exinfo->initialseekpostype = 1
[LOG] SystemI::DSPCodecPoolRegister            : register codec pool for pool type 5
[LOG] SystemI::createSoundInternal             : Sample 0/1: name='footsteps_enemy_03', format=5, channels=1, frequency=48000, lengthbytes=1376, lengthpcm=7063, pcmblocksize=0, loopstart=0, loopend=0, mode=0x00000000, channelmask=0x00000000, channelorder=0, peakvolume=0.653046.
[LOG] SoundI::release                          :  (0x7fe05379ac18)
[LOG] SoundI::release                          :     footsteps_enemy_01 (0x7fe05476fee8)
[LOG] SoundI::release                          :  (0x7fe0537ec728)
[LOG] SoundI::release                          :     footsteps_enemy_02 (0x7fe05339d8e8)
[LOG] SoundI::release                          :  (0x7fe04e2c8668)
[LOG] SoundI::release                          :     footsteps_enemy_03 (0x7fe05477a078)
[LOG] Manager::readBank                        : fileversion = 135, compatVersion = 132 (oldest = 44, newest = 135)
[LOG] PlaybackSystem::acquireMasterBus         : Setting master channel group format to 6
[LOG] SystemI::createSoundInternal             : Create name='', mode=0x02000202
[LOG] SystemI::createSoundInternal             : exinfo->cbsize             = 224
[LOG] SystemI::createSoundInternal             : exinfo->length             = 3523328
[LOG] SystemI::createSoundInternal             : exinfo->fileoffset         = 54592
[LOG] SystemI::createSoundInternal             : exinfo->numsubsounds       = 1
[LOG] SystemI::createSoundInternal             : exinfo->inclusionlist      = 0x700008dbc954
[LOG] SystemI::createSoundInternal             : exinfo->inclusionlistnum   = 1
[LOG] SystemI::createSoundInternal             : exinfo->suggestedsoundtype = 5
[LOG] SystemI::createSoundInternal             : exinfo->useropen           = 0x1aac347fa
[LOG] SystemI::createSoundInternal             : exinfo->userclose          = 0x1aac348b1
[LOG] SystemI::createSoundInternal             : exinfo->userread           = 0x1aac348de
[LOG] SystemI::createSoundInternal             : exinfo->userseek           = 0x1aac34982
[LOG] SystemI::createSoundInternal             : exinfo->fileuserdata       = 0x7fe0533b55f8
[LOG] SystemI::createSoundInternal             : exinfo->initialseekpostype = 1
[LOG] SystemI::DSPCodecPoolRegister            : register codec pool for pool type 5
[LOG] SystemI::createSoundInternal             : Sample 0/1: name='footsteps_enemy_02', format=5, channels=1, frequency=48000, lengthbytes=1504, lengthpcm=7063, pcmblocksize=0, loopstart=0, loopend=0, mode=0x00000000, channelmask=0x00000000, channelorder=0, peakvolume=0.567444.
[LOG] SystemI::createSoundInternal             : Create name='', mode=0x02000202
[LOG] SystemI::createSoundInternal             : exinfo->cbsize             = 224
[LOG] SystemI::createSoundInternal             : exinfo->length             = 3523328
[LOG] SystemI::createSoundInternal             : exinfo->fileoffset         = 54592
[LOG] SystemI::createSoundInternal             : exinfo->numsubsounds       = 1
[LOG] SystemI::createSoundInternal             : exinfo->inclusionlist      = 0x700008dbc954
[LOG] SystemI::createSoundInternal             : exinfo->inclusionlistnum   = 1
[LOG] SystemI::createSoundInternal             : exinfo->suggestedsoundtype = 5
[LOG] SystemI::createSoundInternal             : exinfo->useropen           = 0x1aac347fa
[LOG] SystemI::createSoundInternal             : exinfo->userclose          = 0x1aac348b1
[LOG] SystemI::createSoundInternal             : exinfo->userread           = 0x1aac348de
[LOG] SystemI::createSoundInternal             : exinfo->userseek           = 0x1aac34982
[LOG] SystemI::createSoundInternal             : exinfo->fileuserdata       = 0x7fe0533b55f8
[LOG] SystemI::createSoundInternal             : exinfo->initialseekpostype = 1
[LOG] SystemI::DSPCodecPoolRegister            : register codec pool for pool type 5
[LOG] SystemI::createSoundInternal             : Sample 0/1: name='footsteps_enemy_01', format=5, channels=1, frequency=48000, lengthbytes=1088, lengthpcm=7063, pcmblocksize=0, loopstart=0, loopend=0, mode=0x00000000, channelmask=0x00000000, channelorder=0, peakvolume=0.648407.
[LOG] SystemI::createSoundInternal             : Create name='', mode=0x02000202
[LOG] SystemI::createSoundInternal             : exinfo->cbsize             = 224
[LOG] SystemI::createSoundInternal             : exinfo->length             = 3523328
[LOG] SystemI::createSoundInternal             : exinfo->fileoffset         = 54592
[LOG] SystemI::createSoundInternal             : exinfo->numsubsounds       = 1
[LOG] SystemI::createSoundInternal             : exinfo->inclusionlist      = 0x700008dbc954
[LOG] SystemI::createSoundInternal             : exinfo->inclusionlistnum   = 1
[LOG] SystemI::createSoundInternal             : exinfo->suggestedsoundtype = 5
[LOG] SystemI::createSoundInternal             : exinfo->useropen           = 0x1aac347fa
[LOG] SystemI::createSoundInternal             : exinfo->userclose          = 0x1aac348b1
[LOG] SystemI::createSoundInternal             : exinfo->userread           = 0x1aac348de
[LOG] SystemI::createSoundInternal             : exinfo->userseek           = 0x1aac34982
[LOG] SystemI::createSoundInternal             : exinfo->fileuserdata       = 0x7fe0533b55f8
[LOG] SystemI::createSoundInternal             : exinfo->initialseekpostype = 1
[LOG] SystemI::DSPCodecPoolRegister            : register codec pool for pool type 5
[LOG] SystemI::createSoundInternal             : Sample 0/1: name='footsteps_enemy_03', format=5, channels=1, frequency=48000, lengthbytes=1376, lengthpcm=7063, pcmblocksize=0, loopstart=0, loopend=0, mode=0x00000000, channelmask=0x00000000, channelorder=0, peakvolume=0.653046.
[LOG] SoundI::release                          :  (0x7fe0515a5dc8)
[LOG] SoundI::release                          :     footsteps_enemy_01 (0x7fe04ce80e18)
[LOG] SoundI::release                          :  (0x7fe04e2c8668)
[LOG] SoundI::release                          :     footsteps_enemy_02 (0x7fe05477a078)
[LOG] SoundI::release                          :  (0x7fe0506121b8)
[LOG] SoundI::release                          :     footsteps_enemy_03 (0x7fe04ce5fa38)
