Using pre-set license

 COMMAND LINE ARGUMENTS:
/Applications/2020.2.3f1/Unity.app/Contents/MacOS/Unity
-adb2
-batchMode
-noUpm
-name
AssetImportWorker0
-projectPath
/Users/tiagomiller 1/Desktop/Fac/DJCO/FEUP-DJCO-F/Source
-logFile
Logs/AssetImportWorker0.log
-srvPort
54273
Successfully changed project path to: /Users/tiagomiller 1/Desktop/Fac/DJCO/FEUP-DJCO-F/Source
/Users/tiagomiller 1/Desktop/Fac/DJCO/FEUP-DJCO-F/Source
Using Asset Import Pipeline V2.
Refreshing native plugins compatible for Editor in 137.49 ms, found 1 plugins.
Preloading 0 native plugins for Editor in 0.00 ms.
Initialize engine version: 2020.2.3f1 (8ff31bc5bf5b)
[Subsystems] Discovering subsystems at path /Applications/2020.2.3f1/Unity.app/Contents/Resources/UnitySubsystems
[Subsystems] Discovering subsystems at path /Users/tiagomiller 1/Desktop/Fac/DJCO/FEUP-DJCO-F/Source/Assets
GfxDevice: creating device client; threaded=0
2021-04-01 14:31:57.354 Unity[12806:367026] Color LCD preferred device: Intel(R) Iris(TM) Plus Graphics (low power)
2021-04-01 14:31:57.354 Unity[12806:367026] Metal devices available: 1
2021-04-01 14:31:57.354 Unity[12806:367026] 0: Intel(R) Iris(TM) Plus Graphics (low power)
2021-04-01 14:31:57.355 Unity[12806:367026] Using device Intel(R) Iris(TM) Plus Graphics (low power)
Initializing Metal device caps: Intel(R) Iris(TM) Plus Graphics
Initialize mono
Mono path[0] = '/Applications/2020.2.3f1/Unity.app/Contents/Managed'
Mono path[1] = '/Applications/2020.2.3f1/Unity.app/Contents/MonoBleedingEdge/lib/mono/unityjit'
Mono config path = '/Applications/2020.2.3f1/Unity.app/Contents/MonoBleedingEdge/etc'
Using monoOptions --debugger-agent=transport=dt_socket,embedding=1,server=y,suspend=n,address=127.0.0.1:56806
Begin MonoManager ReloadAssembly
Registering precompiled unity dll's ...
Register platform support module: /Applications/2020.2.3f1/Unity.app/Contents/PlaybackEngines/MacStandaloneSupport/UnityEditor.OSXStandalone.Extensions.dll
Registered in 0.000700 seconds.
Native extension for OSXStandalone target not found
Refreshing native plugins compatible for Editor in 154.08 ms, found 1 plugins.
Preloading 0 native plugins for Editor in 0.00 ms.
Invoked RoslynAnalysisRunner static constructor.
RoslynAnalysisRunner will not be running.
RoslynAnalysisRunner has terminated.
Mono: successfully reloaded assembly
- Completed reload, in  3.142 seconds
Platform modules already initialized, skipping
Registering precompiled user dll's ...
Registered in 0.002542 seconds.
Begin MonoManager ReloadAssembly
Native extension for OSXStandalone target not found
Refreshing native plugins compatible for Editor in 0.90 ms, found 1 plugins.
Preloading 0 native plugins for Editor in 0.00 ms.
Invoked RoslynAnalysisRunner static constructor.
RoslynAnalysisRunner will not be running.
RoslynAnalysisRunner has terminated.
Mono: successfully reloaded assembly
- Completed reload, in  1.830 seconds
Platform modules already initialized, skipping
========================================================================
Worker process is ready to serve import requests
Launching external process: /Applications/2020.2.3f1/Unity.app/Contents/Tools/UnityShaderCompiler
Launched and connected shader compiler UnityShaderCompiler after 0.04 seconds
Refreshing native plugins compatible for Editor in 1.13 ms, found 1 plugins.
Preloading 0 native plugins for Editor in 0.00 ms.
Unloading 2953 Unused Serialized files (Serialized files now loaded: 0)
System memory in use before: 193.0 MB.
System memory in use after: 192.9 MB.

Unloading 17 unused Assets to reduce memory usage. Loaded Objects now: 3396.
Total: 4.077649 ms (FindLiveObjects: 0.818154 ms CreateObjectMapping: 0.204273 ms MarkObjects: 2.707809 ms  DeleteObjects: 0.342228 ms)

========================================================================
Received Import Request.
  path: Assets/Materials
  artifactKey: Guid(d0234ba368eeec9418390da711bfdad0) Importer(815301076,1909f56bfc062723c751e8b465ee728b)
Start importing Assets/Materials using Guid(d0234ba368eeec9418390da711bfdad0) Importer(815301076,1909f56bfc062723c751e8b465ee728b)  -> (artifact id: '5d4e860ec79845d26dc4242a11604ea7') in 0.008395 seconds
  Import took 0.019185 seconds .

========================================================================
Received Prepare
Registering precompiled user dll's ...
Registered in 0.002021 seconds.
Begin MonoManager ReloadAssembly
Native extension for OSXStandalone target not found
Refreshing native plugins compatible for Editor in 0.60 ms, found 1 plugins.
Preloading 0 native plugins for Editor in 0.00 ms.
Invoked RoslynAnalysisRunner static constructor.
RoslynAnalysisRunner will not be running.
RoslynAnalysisRunner has terminated.
Mono: successfully reloaded assembly
- Completed reload, in  1.235 seconds
Platform modules already initialized, skipping
Refreshing native plugins compatible for Editor in 0.76 ms, found 1 plugins.
Preloading 0 native plugins for Editor in 0.00 ms.
Unloading 2918 Unused Serialized files (Serialized files now loaded: 0)
System memory in use before: 191.1 MB.
System memory in use after: 190.9 MB.

Unloading 12 unused Assets to reduce memory usage. Loaded Objects now: 3399.
Total: 3.732160 ms (FindLiveObjects: 0.600022 ms CreateObjectMapping: 0.206918 ms MarkObjects: 2.614101 ms  DeleteObjects: 0.309098 ms)

========================================================================
Received Prepare
Registering precompiled user dll's ...
Registered in 0.002105 seconds.
Begin MonoManager ReloadAssembly
Native extension for OSXStandalone target not found
Refreshing native plugins compatible for Editor in 0.64 ms, found 1 plugins.
Preloading 0 native plugins for Editor in 0.00 ms.
Invoked RoslynAnalysisRunner static constructor.
RoslynAnalysisRunner will not be running.
RoslynAnalysisRunner has terminated.
Mono: successfully reloaded assembly
- Completed reload, in  1.071 seconds
Platform modules already initialized, skipping
Refreshing native plugins compatible for Editor in 0.81 ms, found 1 plugins.
Preloading 0 native plugins for Editor in 0.00 ms.
Unloading 2918 Unused Serialized files (Serialized files now loaded: 0)
System memory in use before: 191.4 MB.
System memory in use after: 191.2 MB.

Unloading 12 unused Assets to reduce memory usage. Loaded Objects now: 3402.
Total: 2.179016 ms (FindLiveObjects: 0.282764 ms CreateObjectMapping: 0.110818 ms MarkObjects: 1.569275 ms  DeleteObjects: 0.214854 ms)

========================================================================
Received Prepare
Registering precompiled user dll's ...
Registered in 0.002008 seconds.
Begin MonoManager ReloadAssembly
Native extension for OSXStandalone target not found
Refreshing native plugins compatible for Editor in 0.65 ms, found 1 plugins.
Preloading 0 native plugins for Editor in 0.00 ms.
Invoked RoslynAnalysisRunner static constructor.
RoslynAnalysisRunner will not be running.
RoslynAnalysisRunner has terminated.
Mono: successfully reloaded assembly
- Completed reload, in  1.319 seconds
Platform modules already initialized, skipping
Refreshing native plugins compatible for Editor in 0.87 ms, found 1 plugins.
Preloading 0 native plugins for Editor in 0.00 ms.
Unloading 2747 Unused Serialized files (Serialized files now loaded: 0)
System memory in use before: 186.0 MB.
System memory in use after: 185.8 MB.

Unloading 97 unused Assets to reduce memory usage. Loaded Objects now: 3320.
Total: 2.981086 ms (FindLiveObjects: 0.379222 ms CreateObjectMapping: 0.150115 ms MarkObjects: 2.179512 ms  DeleteObjects: 0.270188 ms)

