Using pre-set license

 COMMAND LINE ARGUMENTS:
/Applications/2020.2.3f1/Unity.app/Contents/MacOS/Unity
-adb2
-batchMode
-noUpm
-name
AssetImportWorker0
-projectPath
/Users/tiagomiller 1/Desktop/Fac/DJCO/FEUP-DJCO-F/Game
-logFile
Logs/AssetImportWorker0.log
-srvPort
54620
Successfully changed project path to: /Users/tiagomiller 1/Desktop/Fac/DJCO/FEUP-DJCO-F/Game
/Users/tiagomiller 1/Desktop/Fac/DJCO/FEUP-DJCO-F/Game
Using Asset Import Pipeline V2.
Refreshing native plugins compatible for Editor in 49.34 ms, found 1 plugins.
Preloading 0 native plugins for Editor in 0.00 ms.
Initialize engine version: 2020.2.3f1 (8ff31bc5bf5b)
[Subsystems] Discovering subsystems at path /Applications/2020.2.3f1/Unity.app/Contents/Resources/UnitySubsystems
[Subsystems] Discovering subsystems at path /Users/tiagomiller 1/Desktop/Fac/DJCO/FEUP-DJCO-F/Game/Assets
GfxDevice: creating device client; threaded=0
2021-04-01 14:40:52.657 Unity[13241:376993] Color LCD preferred device: Intel(R) Iris(TM) Plus Graphics (low power)
2021-04-01 14:40:52.657 Unity[13241:376993] Metal devices available: 1
2021-04-01 14:40:52.658 Unity[13241:376993] 0: Intel(R) Iris(TM) Plus Graphics (low power)
2021-04-01 14:40:52.658 Unity[13241:376993] Using device Intel(R) Iris(TM) Plus Graphics (low power)
Initializing Metal device caps: Intel(R) Iris(TM) Plus Graphics
Initialize mono
Mono path[0] = '/Applications/2020.2.3f1/Unity.app/Contents/Managed'
Mono path[1] = '/Applications/2020.2.3f1/Unity.app/Contents/MonoBleedingEdge/lib/mono/unityjit'
Mono config path = '/Applications/2020.2.3f1/Unity.app/Contents/MonoBleedingEdge/etc'
Using monoOptions --debugger-agent=transport=dt_socket,embedding=1,server=y,suspend=n,address=127.0.0.1:56241
Begin MonoManager ReloadAssembly
Registering precompiled unity dll's ...
Register platform support module: /Applications/2020.2.3f1/Unity.app/Contents/PlaybackEngines/MacStandaloneSupport/UnityEditor.OSXStandalone.Extensions.dll
Registered in 0.000752 seconds.
Native extension for OSXStandalone target not found
Refreshing native plugins compatible for Editor in 33.93 ms, found 1 plugins.
Preloading 0 native plugins for Editor in 0.00 ms.
Invoked RoslynAnalysisRunner static constructor.
RoslynAnalysisRunner will not be running.
RoslynAnalysisRunner has terminated.
Mono: successfully reloaded assembly
- Completed reload, in  2.998 seconds
Platform modules already initialized, skipping
Registering precompiled user dll's ...
Registered in 0.000487 seconds.
Begin MonoManager ReloadAssembly
Native extension for OSXStandalone target not found
Refreshing native plugins compatible for Editor in 0.25 ms, found 1 plugins.
Preloading 0 native plugins for Editor in 0.00 ms.
Invoked RoslynAnalysisRunner static constructor.
RoslynAnalysisRunner will not be running.
RoslynAnalysisRunner has terminated.
Mono: successfully reloaded assembly
- Completed reload, in  1.457 seconds
Platform modules already initialized, skipping
========================================================================
Worker process is ready to serve import requests
Launching external process: /Applications/2020.2.3f1/Unity.app/Contents/Tools/UnityShaderCompiler
Launched and connected shader compiler UnityShaderCompiler after 0.02 seconds
Refreshing native plugins compatible for Editor in 0.26 ms, found 1 plugins.
Preloading 0 native plugins for Editor in 0.00 ms.
Unloading 1099 Unused Serialized files (Serialized files now loaded: 0)
System memory in use before: 108.8 MB.
System memory in use after: 108.9 MB.

Unloading 10 unused Assets to reduce memory usage. Loaded Objects now: 1540.
Total: 2.118414 ms (FindLiveObjects: 0.163963 ms CreateObjectMapping: 0.041933 ms MarkObjects: 1.792007 ms  DeleteObjects: 0.118711 ms)

========================================================================
Received Import Request.
  path: Assets/Scripts
  artifactKey: Guid(4c51a0a91c0b1470cba18aacc8b92984) Importer(815301076,1909f56bfc062723c751e8b465ee728b)
Start importing Assets/Scripts using Guid(4c51a0a91c0b1470cba18aacc8b92984) Importer(815301076,1909f56bfc062723c751e8b465ee728b)  -> (artifact id: 'e656d68c26ae903310faa4dbeaf54c2e') in 0.008301 seconds
  Import took 0.012028 seconds .

========================================================================
Received Import Request.
  Time since last request: 0.688008 seconds.
  path: Assets/Prefabs
  artifactKey: Guid(e4c7f2a90b3a64f99b0e4c9a3b334870) Importer(815301076,1909f56bfc062723c751e8b465ee728b)
Start importing Assets/Prefabs using Guid(e4c7f2a90b3a64f99b0e4c9a3b334870) Importer(815301076,1909f56bfc062723c751e8b465ee728b)  -> (artifact id: '47459e0dbdf929e4eb7d33faa8248d8f') in 0.004083 seconds
  Import took 0.007059 seconds .

========================================================================
Received Import Request.
  Time since last request: 5.363098 seconds.
  path: Assets/Materials
  artifactKey: Guid(e691e38fbe27b430bbe3c821fb4d5b63) Importer(815301076,1909f56bfc062723c751e8b465ee728b)
Start importing Assets/Materials using Guid(e691e38fbe27b430bbe3c821fb4d5b63) Importer(815301076,1909f56bfc062723c751e8b465ee728b)  -> (artifact id: '1979c0575ba22f7fdcea1c00cd1f16af') in 0.002554 seconds
  Import took 0.005659 seconds .

========================================================================
Received Prepare
Registering precompiled user dll's ...
Registered in 0.000604 seconds.
Begin MonoManager ReloadAssembly
Native extension for OSXStandalone target not found
Refreshing native plugins compatible for Editor in 0.27 ms, found 1 plugins.
Preloading 0 native plugins for Editor in 0.00 ms.
Invoked RoslynAnalysisRunner static constructor.
RoslynAnalysisRunner will not be running.
RoslynAnalysisRunner has terminated.
Mono: successfully reloaded assembly
- Completed reload, in  1.835 seconds
Platform modules already initialized, skipping
Refreshing native plugins compatible for Editor in 0.24 ms, found 1 plugins.
Preloading 0 native plugins for Editor in 0.00 ms.
Unloading 1096 Unused Serialized files (Serialized files now loaded: 0)
System memory in use before: 109.0 MB.
System memory in use after: 109.0 MB.

Unloading 5 unused Assets to reduce memory usage. Loaded Objects now: 1544.
Total: 2.292382 ms (FindLiveObjects: 0.226877 ms CreateObjectMapping: 0.058284 ms MarkObjects: 1.921193 ms  DeleteObjects: 0.083971 ms)

========================================================================
Received Import Request.
  Time since last request: 197.163735 seconds.
  path: ProjectSettings/TagManager.asset
  artifactKey: Guid(00000000000000003000000000000000) Importer(815301076,1909f56bfc062723c751e8b465ee728b)
Start importing ProjectSettings/TagManager.asset using Guid(00000000000000003000000000000000) Importer(815301076,1909f56bfc062723c751e8b465ee728b)  -> (artifact id: '3feff5fae10247456117a9ccebeb351d') in 0.991078 seconds
  Import took 0.993570 seconds .

========================================================================
Received Prepare
Registering precompiled user dll's ...
Registered in 0.000468 seconds.
Begin MonoManager ReloadAssembly
Native extension for OSXStandalone target not found
Refreshing native plugins compatible for Editor in 0.64 ms, found 1 plugins.
Preloading 0 native plugins for Editor in 0.00 ms.
Invoked RoslynAnalysisRunner static constructor.
RoslynAnalysisRunner will not be running.
RoslynAnalysisRunner has terminated.
Mono: successfully reloaded assembly
- Completed reload, in  2.078 seconds
Platform modules already initialized, skipping
Refreshing native plugins compatible for Editor in 0.35 ms, found 1 plugins.
Preloading 0 native plugins for Editor in 0.00 ms.
Unloading 1096 Unused Serialized files (Serialized files now loaded: 0)
System memory in use before: 113.6 MB.
System memory in use after: 113.6 MB.

Unloading 6 unused Assets to reduce memory usage. Loaded Objects now: 1546.
Total: 6.322201 ms (FindLiveObjects: 0.753300 ms CreateObjectMapping: 0.185134 ms MarkObjects: 5.239240 ms  DeleteObjects: 0.139688 ms)

========================================================================
Received Prepare
Registering precompiled user dll's ...
Registered in 0.000430 seconds.
Begin MonoManager ReloadAssembly
Native extension for OSXStandalone target not found
Refreshing native plugins compatible for Editor in 0.20 ms, found 1 plugins.
Preloading 0 native plugins for Editor in 0.00 ms.
Invoked RoslynAnalysisRunner static constructor.
RoslynAnalysisRunner will not be running.
RoslynAnalysisRunner has terminated.
Mono: successfully reloaded assembly
- Completed reload, in  1.061 seconds
Platform modules already initialized, skipping
Refreshing native plugins compatible for Editor in 0.26 ms, found 1 plugins.
Preloading 0 native plugins for Editor in 0.00 ms.
Unloading 1096 Unused Serialized files (Serialized files now loaded: 0)
System memory in use before: 113.7 MB.
System memory in use after: 113.8 MB.

Unloading 5 unused Assets to reduce memory usage. Loaded Objects now: 1548.
Total: 1.771084 ms (FindLiveObjects: 0.165828 ms CreateObjectMapping: 0.045337 ms MarkObjects: 1.448335 ms  DeleteObjects: 0.109529 ms)

========================================================================
Received Prepare
Registering precompiled user dll's ...
Registered in 0.000761 seconds.
Begin MonoManager ReloadAssembly
Native extension for OSXStandalone target not found
Refreshing native plugins compatible for Editor in 0.29 ms, found 1 plugins.
Preloading 0 native plugins for Editor in 0.00 ms.
Invoked RoslynAnalysisRunner static constructor.
RoslynAnalysisRunner will not be running.
RoslynAnalysisRunner has terminated.
Mono: successfully reloaded assembly
- Completed reload, in  1.400 seconds
Platform modules already initialized, skipping
Refreshing native plugins compatible for Editor in 0.23 ms, found 1 plugins.
Preloading 0 native plugins for Editor in 0.00 ms.
Unloading 1096 Unused Serialized files (Serialized files now loaded: 0)
System memory in use before: 113.9 MB.
System memory in use after: 114.0 MB.

Unloading 5 unused Assets to reduce memory usage. Loaded Objects now: 1550.
Total: 1.755787 ms (FindLiveObjects: 0.147978 ms CreateObjectMapping: 0.040064 ms MarkObjects: 1.503526 ms  DeleteObjects: 0.062511 ms)

========================================================================
Received Prepare
Registering precompiled user dll's ...
Registered in 0.000508 seconds.
Begin MonoManager ReloadAssembly
Native extension for OSXStandalone target not found
Refreshing native plugins compatible for Editor in 0.21 ms, found 1 plugins.
Preloading 0 native plugins for Editor in 0.00 ms.
Invoked RoslynAnalysisRunner static constructor.
RoslynAnalysisRunner will not be running.
RoslynAnalysisRunner has terminated.
Mono: successfully reloaded assembly
- Completed reload, in  1.091 seconds
Platform modules already initialized, skipping
Refreshing native plugins compatible for Editor in 0.24 ms, found 1 plugins.
Preloading 0 native plugins for Editor in 0.00 ms.
Unloading 1096 Unused Serialized files (Serialized files now loaded: 0)
System memory in use before: 114.1 MB.
System memory in use after: 114.2 MB.

Unloading 5 unused Assets to reduce memory usage. Loaded Objects now: 1552.
Total: 1.580085 ms (FindLiveObjects: 0.162214 ms CreateObjectMapping: 0.046330 ms MarkObjects: 1.313347 ms  DeleteObjects: 0.057065 ms)

